[0.055s] DEBUG:colcon:Command line arguments: ['/usr/bin/colcon', 'build', '--symlink-install']
[0.055s] DEBUG:colcon:Parsed command line arguments: Namespace(log_base=None, log_level=None, verb_name='build', build_base='build', install_base='install', merge_install=False, symlink_install=True, test_result_base=None, continue_on_error=False, executor='parallel', parallel_workers=20, event_handlers=None, ignore_user_meta=False, metas=['./colcon.meta'], base_paths=['.'], packages_ignore=None, packages_ignore_regex=None, paths=None, packages_up_to=None, packages_up_to_regex=None, packages_above=None, packages_above_and_dependencies=None, packages_above_depth=None, packages_select_by_dep=None, packages_skip_by_dep=None, packages_skip_up_to=None, packages_select_build_failed=False, packages_skip_build_finished=False, packages_select_test_failures=False, packages_skip_test_passed=False, packages_select=None, packages_skip=None, packages_select_regex=None, packages_skip_regex=None, packages_start=None, packages_end=None, allow_overriding=[], cmake_args=None, cmake_target=None, cmake_target_skip_unavailable=False, cmake_clean_cache=False, cmake_clean_first=False, cmake_force_configure=False, ament_cmake_args=None, catkin_cmake_args=None, catkin_skip_building_tests=False, mixin_files=None, mixin=None, verb_parser=<colcon_mixin.mixin.mixin_argument.MixinArgumentDecorator object at 0x7e8ac624a870>, verb_extension=<colcon_core.verb.build.BuildVerb object at 0x7e8ac624a690>, main=<bound method BuildVerb.main of <colcon_core.verb.build.BuildVerb object at 0x7e8ac624a690>>, mixin_verb=('build',))
[0.075s] Level 1:colcon.colcon_core.package_discovery:discover_packages(colcon_meta) check parameters
[0.075s] Level 1:colcon.colcon_core.package_discovery:discover_packages(recursive) check parameters
[0.075s] Level 1:colcon.colcon_core.package_discovery:discover_packages(ignore) check parameters
[0.075s] Level 1:colcon.colcon_core.package_discovery:discover_packages(path) check parameters
[0.075s] Level 1:colcon.colcon_core.package_discovery:discover_packages(colcon_meta) discover
[0.076s] Level 1:colcon.colcon_core.package_discovery:discover_packages(recursive) discover
[0.076s] INFO:colcon.colcon_core.package_discovery:Crawling recursively for packages in '/home/mahmoudemad/ros2_ws'
[0.076s] Level 1:colcon.colcon_core.package_identification:_identify(.) by extensions ['ignore', 'ignore_ament_install']
[0.076s] Level 1:colcon.colcon_core.package_identification:_identify(.) by extension 'ignore'
[0.076s] Level 1:colcon.colcon_core.package_identification:_identify(.) by extension 'ignore_ament_install'
[0.076s] Level 1:colcon.colcon_core.package_identification:_identify(.) by extensions ['colcon_pkg']
[0.076s] Level 1:colcon.colcon_core.package_identification:_identify(.) by extension 'colcon_pkg'
[0.076s] Level 1:colcon.colcon_core.package_identification:_identify(.) by extensions ['colcon_meta']
[0.076s] Level 1:colcon.colcon_core.package_identification:_identify(.) by extension 'colcon_meta'
[0.076s] Level 1:colcon.colcon_core.package_identification:_identify(.) by extensions ['ros']
[0.076s] Level 1:colcon.colcon_core.package_identification:_identify(.) by extension 'ros'
[0.090s] Level 1:colcon.colcon_core.package_identification:_identify(.) by extensions ['cmake', 'python']
[0.090s] Level 1:colcon.colcon_core.package_identification:_identify(.) by extension 'cmake'
[0.090s] Level 1:colcon.colcon_core.package_identification:_identify(.) by extension 'python'
[0.090s] Level 1:colcon.colcon_core.package_identification:_identify(.) by extensions ['python_setup_py']
[0.090s] Level 1:colcon.colcon_core.package_identification:_identify(.) by extension 'python_setup_py'
[0.090s] Level 1:colcon.colcon_core.package_identification:_identify(build) by extensions ['ignore', 'ignore_ament_install']
[0.090s] Level 1:colcon.colcon_core.package_identification:_identify(build) by extension 'ignore'
[0.090s] Level 1:colcon.colcon_core.package_identification:_identify(build) ignored
[0.090s] Level 1:colcon.colcon_core.package_identification:_identify(install) by extensions ['ignore', 'ignore_ament_install']
[0.090s] Level 1:colcon.colcon_core.package_identification:_identify(install) by extension 'ignore'
[0.091s] Level 1:colcon.colcon_core.package_identification:_identify(install) ignored
[0.091s] Level 1:colcon.colcon_core.package_identification:_identify(log) by extensions ['ignore', 'ignore_ament_install']
[0.091s] Level 1:colcon.colcon_core.package_identification:_identify(log) by extension 'ignore'
[0.091s] Level 1:colcon.colcon_core.package_identification:_identify(log) ignored
[0.091s] Level 1:colcon.colcon_core.package_identification:_identify(src) by extensions ['ignore', 'ignore_ament_install']
[0.091s] Level 1:colcon.colcon_core.package_identification:_identify(src) by extension 'ignore'
[0.091s] Level 1:colcon.colcon_core.package_identification:_identify(src) by extension 'ignore_ament_install'
[0.091s] Level 1:colcon.colcon_core.package_identification:_identify(src) by extensions ['colcon_pkg']
[0.091s] Level 1:colcon.colcon_core.package_identification:_identify(src) by extension 'colcon_pkg'
[0.091s] Level 1:colcon.colcon_core.package_identification:_identify(src) by extensions ['colcon_meta']
[0.091s] Level 1:colcon.colcon_core.package_identification:_identify(src) by extension 'colcon_meta'
[0.091s] Level 1:colcon.colcon_core.package_identification:_identify(src) by extensions ['ros']
[0.091s] Level 1:colcon.colcon_core.package_identification:_identify(src) by extension 'ros'
[0.091s] Level 1:colcon.colcon_core.package_identification:_identify(src) by extensions ['cmake', 'python']
[0.091s] Level 1:colcon.colcon_core.package_identification:_identify(src) by extension 'cmake'
[0.091s] Level 1:colcon.colcon_core.package_identification:_identify(src) by extension 'python'
[0.091s] Level 1:colcon.colcon_core.package_identification:_identify(src) by extensions ['python_setup_py']
[0.091s] Level 1:colcon.colcon_core.package_identification:_identify(src) by extension 'python_setup_py'
[0.091s] Level 1:colcon.colcon_core.package_identification:_identify(src/fleet_awareness) by extensions ['ignore', 'ignore_ament_install']
[0.091s] Level 1:colcon.colcon_core.package_identification:_identify(src/fleet_awareness) by extension 'ignore'
[0.091s] Level 1:colcon.colcon_core.package_identification:_identify(src/fleet_awareness) by extension 'ignore_ament_install'
[0.091s] Level 1:colcon.colcon_core.package_identification:_identify(src/fleet_awareness) by extensions ['colcon_pkg']
[0.091s] Level 1:colcon.colcon_core.package_identification:_identify(src/fleet_awareness) by extension 'colcon_pkg'
[0.091s] Level 1:colcon.colcon_core.package_identification:_identify(src/fleet_awareness) by extensions ['colcon_meta']
[0.091s] Level 1:colcon.colcon_core.package_identification:_identify(src/fleet_awareness) by extension 'colcon_meta'
[0.091s] Level 1:colcon.colcon_core.package_identification:_identify(src/fleet_awareness) by extensions ['ros']
[0.091s] Level 1:colcon.colcon_core.package_identification:_identify(src/fleet_awareness) by extension 'ros'
[0.092s] DEBUG:colcon.colcon_core.package_identification:Package 'src/fleet_awareness' with type 'ros.ament_python' and name 'fleet_awareness'
[0.092s] Level 1:colcon.colcon_core.package_discovery:discover_packages(recursive) using defaults
[0.092s] Level 1:colcon.colcon_core.package_discovery:discover_packages(ignore) discover
[0.092s] Level 1:colcon.colcon_core.package_discovery:discover_packages(ignore) using defaults
[0.092s] Level 1:colcon.colcon_core.package_discovery:discover_packages(path) discover
[0.092s] Level 1:colcon.colcon_core.package_discovery:discover_packages(path) using defaults
[0.102s] Level 1:colcon.colcon_core.package_discovery:discover_packages(prefix_path) check parameters
[0.102s] Level 1:colcon.colcon_core.package_discovery:discover_packages(prefix_path) discover
[0.102s] WARNING:colcon.colcon_ros.prefix_path.ament:The path '/home/mahmoudemad/ros2_ws/install/fleet_awareness' in the environment variable AMENT_PREFIX_PATH doesn't exist
[0.105s] DEBUG:colcon.colcon_installed_package_information.package_discovery:Found 0 installed packages in /home/mahmoudemad/ros2_ws/install
[0.106s] DEBUG:colcon.colcon_installed_package_information.package_discovery:Found 223 installed packages in /opt/ros/jazzy
[0.106s] Level 1:colcon.colcon_core.package_discovery:discover_packages(prefix_path) using defaults
[0.123s] Level 5:colcon.colcon_core.verb:set package 'fleet_awareness' build argument 'cmake_args' from command line to 'None'
[0.123s] Level 5:colcon.colcon_core.verb:set package 'fleet_awareness' build argument 'cmake_target' from command line to 'None'
[0.123s] Level 5:colcon.colcon_core.verb:set package 'fleet_awareness' build argument 'cmake_target_skip_unavailable' from command line to 'False'
[0.123s] Level 5:colcon.colcon_core.verb:set package 'fleet_awareness' build argument 'cmake_clean_cache' from command line to 'False'
[0.123s] Level 5:colcon.colcon_core.verb:set package 'fleet_awareness' build argument 'cmake_clean_first' from command line to 'False'
[0.123s] Level 5:colcon.colcon_core.verb:set package 'fleet_awareness' build argument 'cmake_force_configure' from command line to 'False'
[0.123s] Level 5:colcon.colcon_core.verb:set package 'fleet_awareness' build argument 'ament_cmake_args' from command line to 'None'
[0.123s] Level 5:colcon.colcon_core.verb:set package 'fleet_awareness' build argument 'catkin_cmake_args' from command line to 'None'
[0.123s] Level 5:colcon.colcon_core.verb:set package 'fleet_awareness' build argument 'catkin_skip_building_tests' from command line to 'False'
[0.123s] DEBUG:colcon.colcon_core.verb:Building package 'fleet_awareness' with the following arguments: {'ament_cmake_args': None, 'build_base': '/home/mahmoudemad/ros2_ws/build/fleet_awareness', 'catkin_cmake_args': None, 'catkin_skip_building_tests': False, 'cmake_args': None, 'cmake_clean_cache': False, 'cmake_clean_first': False, 'cmake_force_configure': False, 'cmake_target': None, 'cmake_target_skip_unavailable': False, 'install_base': '/home/mahmoudemad/ros2_ws/install/fleet_awareness', 'merge_install': False, 'path': '/home/mahmoudemad/ros2_ws/src/fleet_awareness', 'symlink_install': True, 'test_result_base': None}
[0.123s] INFO:colcon.colcon_core.executor:Executing jobs using 'parallel' executor
[0.123s] DEBUG:colcon.colcon_parallel_executor.executor.parallel:run_until_complete
[0.124s] INFO:colcon.colcon_ros.task.ament_python.build:Building ROS package in '/home/mahmoudemad/ros2_ws/src/fleet_awareness' with build type 'ament_python'
[0.124s] Level 1:colcon.colcon_core.shell:create_environment_hook('fleet_awareness', 'ament_prefix_path')
[0.125s] INFO:colcon.colcon_core.plugin_system:Skipping extension 'colcon_core.shell.bat': Not used on non-Windows systems
[0.125s] INFO:colcon.colcon_core.shell:Creating environment hook '/home/mahmoudemad/ros2_ws/install/fleet_awareness/share/fleet_awareness/hook/ament_prefix_path.ps1'
[0.125s] INFO:colcon.colcon_core.shell:Creating environment descriptor '/home/mahmoudemad/ros2_ws/install/fleet_awareness/share/fleet_awareness/hook/ament_prefix_path.dsv'
[0.125s] INFO:colcon.colcon_core.shell:Creating environment hook '/home/mahmoudemad/ros2_ws/install/fleet_awareness/share/fleet_awareness/hook/ament_prefix_path.sh'
[0.126s] INFO:colcon.colcon_core.shell:Skip shell extension 'powershell' for command environment: Not usable outside of PowerShell
[0.126s] DEBUG:colcon.colcon_core.shell:Skip shell extension 'dsv' for command environment
[0.238s] INFO:colcon.colcon_core.task.python.build:Building Python package in '/home/mahmoudemad/ros2_ws/src/fleet_awareness'
[0.238s] INFO:colcon.colcon_core.shell:Skip shell extension 'powershell' for command environment: Not usable outside of PowerShell
[0.238s] DEBUG:colcon.colcon_core.shell:Skip shell extension 'dsv' for command environment
[0.513s] DEBUG:colcon.colcon_core.task.python.build:Available setuptools commands: saveopts, install_headers, sdist, clean, bdist_rpm, register, setopt, install_egg_info, upload, build_ext, upload_docs, rotate, bdist, install_lib, develop, build, test, build_clib, check, bdist_egg, easy_install, update_catalog, build_scripts, bdist_dumb, compile_catalog, extract_messages, symlink_data, dist_info, bdist_wheel, install_scripts, install_data, build_py, init_catalog, alias, editable_wheel, install, egg_info
[0.675s] DEBUG:colcon.colcon_core.task.python.build:Available setuptools 'develop' options: --dry-run, --always-copy, --local-snapshots-ok, --prefix, --no-find-links, --verbose, --upgrade, --optimize, --exclude-scripts, --uninstall, --install-dir, --script-dir, --no-user-cfg, --always-unzip, --zip-ok, --quiet, --no-deps, --egg-path, --index-url, --multi-version, --editable, --help, --record, --install-layout, --allow-hosts, --build-directory, --find-links, --site-dirs, --version, --user, --force-installation-into-system-dir
[0.676s] DEBUG:colcon.colcon_core.event_handler.log_command:Invoking command in '/home/mahmoudemad/ros2_ws/build/fleet_awareness': DEBUGINFOD_URLS=https://debuginfod.ubuntu.com PYTHONPATH=/home/mahmoudemad/ros2_ws/build/fleet_awareness/prefix_override:/usr/lib/python3/dist-packages/colcon_core/task/python/colcon_distutils_commands:/home/mahmoudemad/ros2_ws/install/fleet_awareness/lib/python3.12/site-packages:${PYTHONPATH} /usr/bin/python3 -W ignore:setup.py install is deprecated -W ignore:easy_install command is deprecated setup.py develop --editable --build-directory /home/mahmoudemad/ros2_ws/build/fleet_awareness/build --no-deps symlink_data
[0.979s] Level 1:colcon.colcon_core.shell:create_environment_hook('fleet_awareness', 'pythonpath_develop')
[0.979s] INFO:colcon.colcon_core.shell:Creating environment hook '/home/mahmoudemad/ros2_ws/build/fleet_awareness/share/fleet_awareness/hook/pythonpath_develop.ps1'
[0.979s] DEBUG:colcon.colcon_core.event_handler.log_command:Invoked command in '/home/mahmoudemad/ros2_ws/build/fleet_awareness' returned '0': DEBUGINFOD_URLS=https://debuginfod.ubuntu.com PYTHONPATH=/home/mahmoudemad/ros2_ws/build/fleet_awareness/prefix_override:/usr/lib/python3/dist-packages/colcon_core/task/python/colcon_distutils_commands:/home/mahmoudemad/ros2_ws/install/fleet_awareness/lib/python3.12/site-packages:${PYTHONPATH} /usr/bin/python3 -W ignore:setup.py install is deprecated -W ignore:easy_install command is deprecated setup.py develop --editable --build-directory /home/mahmoudemad/ros2_ws/build/fleet_awareness/build --no-deps symlink_data
[0.979s] INFO:colcon.colcon_core.shell:Creating environment descriptor '/home/mahmoudemad/ros2_ws/build/fleet_awareness/share/fleet_awareness/hook/pythonpath_develop.dsv'
[0.980s] INFO:colcon.colcon_core.shell:Creating environment hook '/home/mahmoudemad/ros2_ws/build/fleet_awareness/share/fleet_awareness/hook/pythonpath_develop.sh'
[0.981s] Level 1:colcon.colcon_core.environment:checking '/home/mahmoudemad/ros2_ws/install/fleet_awareness' for CMake module files
[0.981s] Level 1:colcon.colcon_core.environment:checking '/home/mahmoudemad/ros2_ws/install/fleet_awareness' for CMake config files
[0.981s] Level 1:colcon.colcon_core.environment:checking '/home/mahmoudemad/ros2_ws/install/fleet_awareness/lib'
[0.981s] Level 1:colcon.colcon_core.environment:checking '/home/mahmoudemad/ros2_ws/install/fleet_awareness/bin'
[0.981s] Level 1:colcon.colcon_core.environment:checking '/home/mahmoudemad/ros2_ws/install/fleet_awareness/lib/pkgconfig/fleet_awareness.pc'
[0.982s] Level 1:colcon.colcon_core.environment:checking '/home/mahmoudemad/ros2_ws/install/fleet_awareness/lib/python3.12/site-packages'
[0.982s] Level 1:colcon.colcon_core.shell:create_environment_hook('fleet_awareness', 'pythonpath')
[0.982s] INFO:colcon.colcon_core.shell:Creating environment hook '/home/mahmoudemad/ros2_ws/install/fleet_awareness/share/fleet_awareness/hook/pythonpath.ps1'
[0.982s] INFO:colcon.colcon_core.shell:Creating environment descriptor '/home/mahmoudemad/ros2_ws/install/fleet_awareness/share/fleet_awareness/hook/pythonpath.dsv'
[0.982s] INFO:colcon.colcon_core.shell:Creating environment hook '/home/mahmoudemad/ros2_ws/install/fleet_awareness/share/fleet_awareness/hook/pythonpath.sh'
[0.982s] Level 1:colcon.colcon_core.environment:checking '/home/mahmoudemad/ros2_ws/install/fleet_awareness/bin'
[0.982s] Level 1:colcon.colcon_core.environment:create_environment_scripts_only(fleet_awareness)
[0.983s] INFO:colcon.colcon_core.shell:Creating package script '/home/mahmoudemad/ros2_ws/install/fleet_awareness/share/fleet_awareness/package.ps1'
[0.983s] INFO:colcon.colcon_core.shell:Creating package descriptor '/home/mahmoudemad/ros2_ws/install/fleet_awareness/share/fleet_awareness/package.dsv'
[0.983s] INFO:colcon.colcon_core.shell:Creating package script '/home/mahmoudemad/ros2_ws/install/fleet_awareness/share/fleet_awareness/package.sh'
[0.984s] INFO:colcon.colcon_core.shell:Creating package script '/home/mahmoudemad/ros2_ws/install/fleet_awareness/share/fleet_awareness/package.bash'
[0.984s] INFO:colcon.colcon_core.shell:Creating package script '/home/mahmoudemad/ros2_ws/install/fleet_awareness/share/fleet_awareness/package.zsh'
[0.984s] Level 1:colcon.colcon_core.environment:create_file_with_runtime_dependencies(/home/mahmoudemad/ros2_ws/install/fleet_awareness/share/colcon-core/packages/fleet_awareness)
[0.985s] DEBUG:colcon.colcon_parallel_executor.executor.parallel:closing loop
[0.985s] DEBUG:colcon.colcon_parallel_executor.executor.parallel:loop closed
[0.985s] DEBUG:colcon.colcon_parallel_executor.executor.parallel:run_until_complete finished with '0'
[0.985s] DEBUG:colcon.colcon_core.event_reactor:joining thread
[0.990s] INFO:colcon.colcon_core.plugin_system:Skipping extension 'colcon_notification.desktop_notification.terminal_notifier': Not used on non-Darwin systems
[0.991s] INFO:colcon.colcon_core.plugin_system:Skipping extension 'colcon_notification.desktop_notification.win32': Not used on non-Windows systems
[0.991s] INFO:colcon.colcon_notification.desktop_notification:Sending desktop notification using 'notify2'
[1.001s] DEBUG:colcon.colcon_core.event_reactor:joined thread
[1.001s] INFO:colcon.colcon_core.shell:Creating prefix script '/home/mahmoudemad/ros2_ws/install/local_setup.ps1'
[1.002s] INFO:colcon.colcon_core.shell:Creating prefix util module '/home/mahmoudemad/ros2_ws/install/_local_setup_util_ps1.py'
[1.003s] INFO:colcon.colcon_core.shell:Creating prefix chain script '/home/mahmoudemad/ros2_ws/install/setup.ps1'
[1.004s] INFO:colcon.colcon_core.shell:Creating prefix script '/home/mahmoudemad/ros2_ws/install/local_setup.sh'
[1.004s] INFO:colcon.colcon_core.shell:Creating prefix util module '/home/mahmoudemad/ros2_ws/install/_local_setup_util_sh.py'
[1.005s] INFO:colcon.colcon_core.shell:Creating prefix chain script '/home/mahmoudemad/ros2_ws/install/setup.sh'
[1.006s] INFO:colcon.colcon_core.shell:Creating prefix script '/home/mahmoudemad/ros2_ws/install/local_setup.bash'
[1.006s] INFO:colcon.colcon_core.shell:Creating prefix chain script '/home/mahmoudemad/ros2_ws/install/setup.bash'
[1.006s] INFO:colcon.colcon_core.shell:Creating prefix script '/home/mahmoudemad/ros2_ws/install/local_setup.zsh'
[1.007s] INFO:colcon.colcon_core.shell:Creating prefix chain script '/home/mahmoudemad/ros2_ws/install/setup.zsh'
